/home/taimoor/installs/myenv/bin/python: can't open file '/home/taimoor/installs/conversion/.europkr.py': [Errno 2] No such file or directory
Inserted Exchange Rate from EUR to PKR: 309.845
Inserted Exchange Rate from EUR to PKR: 309.845
Inserted Exchange Rate from EUR to PKR: 309.845
Inserted Exchange Rate from EUR to PKR: 309.845
Inserted Exchange Rate from USD to PKR: 281.8462
Inserted Exchange Rate from EUR to PLN: 4.3416
Inserted Exchange Rate from EUR to PKR: 310.8599
Inserted Exchange Rate from USD to PLN: 3.9267
Inserted Exchange Rate from PLN to PKR: 71.9228
Inserted Exchange Rate from USD to PKR: 281.8462
Inserted Exchange Rate from EUR to PLN: 4.3416
Inserted Exchange Rate from EUR to PKR: 310.8599
Inserted Exchange Rate from USD to PLN: 3.9267
Inserted Exchange Rate from PLN to PKR: 71.9228
Inserted Exchange Rate from PLN to PKR: 71.9228
Inserted Exchange Rate from EUR to PKR: 310.8599
Inserted Exchange Rate from EUR to PLN: 4.3416
Inserted Exchange Rate from USD to PLN: 3.9267
Inserted Exchange Rate from USD to PKR: 281.8462
Inserted Exchange Rate from EUR to PKR: 310.8599
Inserted Exchange Rate from EUR to PLN: 4.3416
Inserted Exchange Rate from USD to PKR: 281.8462
Inserted Exchange Rate from PLN to PKR: 71.9228
Inserted Exchange Rate from USD to PLN: 3.9267
Inserted Exchange Rate from PLN to PKR: 71.9228
Inserted Exchange Rate from USD to PKR: 281.8462
Inserted Exchange Rate from EUR to PKR: 310.8599
Inserted Exchange Rate from USD to PLN: 3.9267
Inserted Exchange Rate from EUR to PLN: 4.3416
Inserted Exchange Rate from USD to PKR: 281.8299
Inserted Exchange Rate from EUR to PKR: 310.4973
Inserted Exchange Rate from USD to PLN: 3.931
Inserted Exchange Rate from EUR to PLN: 4.3432
Inserted Exchange Rate from PLN to PKR: 71.949
Inserted Exchange Rate from EUR to PKR: 310.4973
Inserted Exchange Rate from EUR to PLN: 4.3432
Inserted Exchange Rate from USD to PKR: 281.8299
Inserted Exchange Rate from USD to PLN: 3.931
Inserted Exchange Rate from PLN to PKR: 71.949
Inserted Exchange Rate from USD to PKR: 281.8299
Inserted Exchange Rate from EUR to PKR: 310.4973
Inserted Exchange Rate from PLN to PKR: 71.949
Inserted Exchange Rate from EUR to PLN: 4.3432
Inserted Exchange Rate from USD to PLN: 3.931
Inserted Exchange Rate from PLN to PKR: 71.949
Inserted Exchange Rate from EUR to PKR: 310.4973
Inserted Exchange Rate from USD to PKR: 281.8299
Inserted Exchange Rate from EUR to PLN: 4.3432
Inserted Exchange Rate from USD to PLN: 3.931
Inserted Exchange Rate from USD to PKR: 281.8523
Inserted Exchange Rate from PLN to PKR: 71.9449
Inserted Exchange Rate from USD to PLN: 3.9331
Inserted Exchange Rate from EUR to PLN: 4.3437
Inserted Exchange Rate from EUR to PKR: 298.9177
Inserted Exchange Rate from USD to PLN: 3.9331
Inserted Exchange Rate from PLN to PKR: 71.9449
Inserted Exchange Rate from USD to PKR: 281.8523
Inserted Exchange Rate from EUR to PKR: 298.9177
Inserted Exchange Rate from EUR to PLN: 4.3437
Inserted Exchange Rate from EUR to PKR: 298.9177
Inserted Exchange Rate from USD to PKR: 281.8523
Inserted Exchange Rate from PLN to PKR: 71.9449
Inserted Exchange Rate from EUR to PLN: 4.3437
Inserted Exchange Rate from USD to PLN: 3.9331
Inserted Exchange Rate from EUR to PLN: 4.3437
Inserted Exchange Rate from EUR to PKR: 298.9177
Inserted Exchange Rate from USD to PKR: 281.8523
Inserted Exchange Rate from USD to PLN: 3.9331
Inserted Exchange Rate from PLN to PKR: 71.9449
Inserted Exchange Rate from USD to PKR: 281.0325
Inserted Exchange Rate from PLN to PKR: 71.3176
Inserted Exchange Rate from EUR to PKR: 309.6908
Inserted Exchange Rate from USD to PLN: 3.9352
Inserted Exchange Rate from EUR to PLN: 4.3436
Inserted Exchange Rate from PLN to PKR: 71.3176
Inserted Exchange Rate from EUR to PKR: 309.6908
Inserted Exchange Rate from USD to PLN: 3.9352
Inserted Exchange Rate from USD to PKR: 281.0325
Inserted Exchange Rate from EUR to PLN: 4.3436
Inserted Exchange Rate from USD to PLN: 3.9352
Inserted Exchange Rate from EUR to PLN: 4.3436
Inserted Exchange Rate from EUR to PKR: 309.6908
Inserted Exchange Rate from PLN to PKR: 71.3176
Inserted Exchange Rate from USD to PKR: 281.0325
Inserted Exchange Rate from EUR to PLN: 4.3436
Inserted Exchange Rate from USD to PLN: 3.9352
Inserted Exchange Rate from USD to PKR: 281.0325
Inserted Exchange Rate from EUR to PKR: 309.6908
Inserted Exchange Rate from PLN to PKR: 71.3176
Inserted Exchange Rate from USD to PKR: 281.9015
Inserted Exchange Rate from USD to PLN: 3.9825
Inserted Exchange Rate from PLN to PKR: 70.7227
Inserted Exchange Rate from EUR to PLN: 4.3656
Inserted Exchange Rate from EUR to PKR: 306.7892
Inserted Exchange Rate from USD to PKR: 281.9015
Inserted Exchange Rate from PLN to PKR: 70.7227
Inserted Exchange Rate from EUR to PKR: 306.7892
Inserted Exchange Rate from EUR to PLN: 4.3656
Inserted Exchange Rate from USD to PLN: 3.9825
Inserted Exchange Rate from USD to PLN: 3.9825
Inserted Exchange Rate from EUR to PKR: 306.7892
Inserted Exchange Rate from PLN to PKR: 70.7227
Inserted Exchange Rate from EUR to PLN: 4.3656
Inserted Exchange Rate from USD to PKR: 281.9015
Inserted Exchange Rate from PLN to PKR: 70.7227
Inserted Exchange Rate from USD to PKR: 281.9015
Inserted Exchange Rate from USD to PLN: 3.9825
Inserted Exchange Rate from EUR to PKR: 306.7892
Inserted Exchange Rate from EUR to PLN: 4.3656
Inserted Exchange Rate from EUR to PLN: 4.3582
Inserted Exchange Rate from USD to PKR: 282.1651
Inserted Exchange Rate from USD to PLN: 3.9877
Inserted Exchange Rate from EUR to PKR: 306.1882
Inserted Exchange Rate from PLN to PKR: 70.7703
Inserted Exchange Rate from USD to PKR: 282.1651
Inserted Exchange Rate from PLN to PKR: 70.7703
Inserted Exchange Rate from EUR to PLN: 4.3582
Inserted Exchange Rate from USD to PLN: 3.9877
Inserted Exchange Rate from EUR to PKR: 306.1882
Inserted Exchange Rate from EUR to PLN: 4.3582
Inserted Exchange Rate from EUR to PKR: 306.1882
Inserted Exchange Rate from PLN to PKR: 70.7703
Inserted Exchange Rate from USD to PLN: 3.9877
Inserted Exchange Rate from USD to PKR: 282.1651
Inserted Exchange Rate from EUR to PLN: 4.3582
Inserted Exchange Rate from USD to PLN: 3.9877
Inserted Exchange Rate from USD to PKR: 282.1651
Inserted Exchange Rate from PLN to PKR: 70.7703
Inserted Exchange Rate from EUR to PKR: 306.1882
Inserted Exchange Rate from USD to PKR: 282.3022
Inserted Exchange Rate from EUR to PLN: 4.3459
Inserted Exchange Rate from EUR to PKR: 306.803
Inserted Exchange Rate from USD to PLN: 3.9696
Inserted Exchange Rate from PLN to PKR: 71.0248
Inserted Exchange Rate from EUR to PKR: 306.803
Inserted Exchange Rate from USD to PKR: 282.3022
Inserted Exchange Rate from EUR to PLN: 4.3459
Inserted Exchange Rate from USD to PLN: 3.9696
Inserted Exchange Rate from PLN to PKR: 71.0248
Inserted Exchange Rate from USD to PLN: 3.9696
Inserted Exchange Rate from EUR to PLN: 4.3459
Inserted Exchange Rate from PLN to PKR: 71.0248
Inserted Exchange Rate from EUR to PKR: 306.803
Inserted Exchange Rate from USD to PKR: 282.3022
Inserted Exchange Rate from USD to PKR: 282.3022
Inserted Exchange Rate from EUR to PKR: 306.803
Inserted Exchange Rate from PLN to PKR: 71.0248
Inserted Exchange Rate from USD to PLN: 3.9696
Inserted Exchange Rate from EUR to PLN: 4.3459
